<?xml version="1.0" encoding="UTF-8"?>
<testng-results ignored="0" total="1" passed="1" failed="0" skipped="0">
  <reporter-output>
  </reporter-output>
  <suite started-at="2025-06-24T12:12:56 IST" name="Default suite" finished-at="2025-06-24T12:13:06 IST" duration-ms="10379">
    <groups>
    </groups>
    <test started-at="2025-06-24T12:12:56 IST" name="Default test" finished-at="2025-06-24T12:13:06 IST" duration-ms="10379">
      <class name="extendreports.demoTakesScreenshotAddExtentReport">
        <test-method signature="demoTakesScreenshot()[pri:0, instance:extendreports.demoTakesScreenshotAddExtentReport@217ed35e]" started-at="2025-06-24T12:12:56 IST" name="demoTakesScreenshot" finished-at="2025-06-24T12:13:06 IST" duration-ms="10261" status="PASS">
          <reporter-output>
          </reporter-output>
        </test-method> <!-- demoTakesScreenshot -->
      </class> <!-- extendreports.demoTakesScreenshotAddExtentReport -->
    </test> <!-- Default test -->
  </suite> <!-- Default suite -->
</testng-results>
